<?xml version="1.0" encoding="UTF-8"?>
<!-- Generated by org.testng.reporters.JUnitXMLReporter -->
<testsuite ignored="4" hostname="admin-PC" failures="0" tests="2" name="Test" time="59.823" errors="0" timestamp="2023-03-08T12:38:11 IST">
  <testcase classname="vtiger.OrganizationTests.CreateOrganizationTest" name="demoScript" time="0.025"/>
  <testcase classname="vtiger.ContactsTests.CreateContactWithOrganizationTest1" name="createContactWithOrgTest" time="27.56"/>
  <testcase classname="vtiger.OrganizationTests.CreateOrganizationTest" name="regression" time="0.0">
    <ignored/>
  </testcase> <!-- regression -->
  <testcase classname="vtiger.OrganizationTests.CreateOrganizationTest" name="CreateOrganizationTest" time="0.0">
    <ignored/>
  </testcase> <!-- CreateOrganizationTest -->
  <testcase classname="vtiger.GenericUtilities.BaseClass" name="@AfterSuite asConfig" time="0.0">
    <ignored/>
  </testcase> <!-- @AfterSuite asConfig -->
  <testcase classname="vtiger.GenericUtilities.BaseClass" name="@BeforeSuite bsConfig" time="0.0">
    <ignored/>
  </testcase> <!-- @BeforeSuite bsConfig -->
</testsuite> <!-- Test -->
