<?xml version="1.0" encoding="UTF-8"?>
<testng-results ignored="0" total="1" passed="1" failed="0" skipped="0">
  <reporter-output>
  </reporter-output>
  <suite started-at="2023-04-03T16:40:49 IST" name="Default suite" finished-at="2023-04-03T16:42:37 IST" duration-ms="107561">
    <groups>
    </groups>
    <test started-at="2023-04-03T16:40:49 IST" name="Default test" finished-at="2023-04-03T16:42:37 IST" duration-ms="107561">
      <class name="vtiger.ContactsTests.CreateContactTest">
        <test-method is-config="true" signature="bsConfig()[pri:0, instance:vtiger.ContactsTests.CreateContactTest@5b239d7d]" started-at="2023-04-03T16:40:49 IST" name="bsConfig" finished-at="2023-04-03T16:40:49 IST" duration-ms="41" status="PASS">
          <reporter-output>
          </reporter-output>
        </test-method> <!-- bsConfig -->
        <test-method is-config="true" signature="bcConfig()[pri:0, instance:vtiger.ContactsTests.CreateContactTest@5b239d7d]" started-at="2023-04-03T16:40:49 IST" name="bcConfig" finished-at="2023-04-03T16:41:53 IST" duration-ms="63311" status="PASS">
          <reporter-output>
          </reporter-output>
        </test-method> <!-- bcConfig -->
        <test-method is-config="true" signature="bmConfig()[pri:0, instance:vtiger.ContactsTests.CreateContactTest@5b239d7d]" started-at="2023-04-03T16:41:53 IST" name="bmConfig" finished-at="2023-04-03T16:42:02 IST" duration-ms="9317" status="PASS">
          <reporter-output>
          </reporter-output>
        </test-method> <!-- bmConfig -->
        <test-method signature="CreateContactTest()[pri:0, instance:vtiger.ContactsTests.CreateContactTest@5b239d7d]" started-at="2023-04-03T16:42:02 IST" name="CreateContactTest" finished-at="2023-04-03T16:42:33 IST" duration-ms="30843" status="PASS">
          <reporter-output>
          </reporter-output>
        </test-method> <!-- CreateContactTest -->
        <test-method is-config="true" signature="amConfig()[pri:0, instance:vtiger.ContactsTests.CreateContactTest@5b239d7d]" started-at="2023-04-03T16:42:33 IST" name="amConfig" finished-at="2023-04-03T16:42:36 IST" duration-ms="2704" status="PASS">
          <reporter-output>
          </reporter-output>
        </test-method> <!-- amConfig -->
        <test-method is-config="true" signature="acConfig()[pri:0, instance:vtiger.ContactsTests.CreateContactTest@5b239d7d]" started-at="2023-04-03T16:42:36 IST" name="acConfig" finished-at="2023-04-03T16:42:37 IST" duration-ms="1026" status="PASS">
          <reporter-output>
          </reporter-output>
        </test-method> <!-- acConfig -->
        <test-method is-config="true" signature="asConfig()[pri:0, instance:vtiger.ContactsTests.CreateContactTest@5b239d7d]" started-at="2023-04-03T16:42:37 IST" name="asConfig" finished-at="2023-04-03T16:42:37 IST" duration-ms="1" status="PASS">
          <reporter-output>
          </reporter-output>
        </test-method> <!-- asConfig -->
      </class> <!-- vtiger.ContactsTests.CreateContactTest -->
    </test> <!-- Default test -->
  </suite> <!-- Default suite -->
</testng-results>
